#
# There is insufficient memory for the Java Runtime Environment to continue.
# Native memory allocation (mmap) failed to map 268435456 bytes for Failed to commit area from 0x0000000701400000 to 0x0000000711400000 of length 268435456.
# Possible reasons:
#   The system is out of physical RAM or swap space
#   The process is running with CompressedOops enabled, and the Java Heap may be blocking the growth of the native heap
# Possible solutions:
#   Reduce memory load on the system
#   Increase physical memory or swap space
#   Check if swap backing store is full
#   Decrease Java heap size (-Xmx/-Xms)
#   Decrease number of Java threads
#   Decrease Java thread stack sizes (-Xss)
#   Set larger code cache with -XX:ReservedCodeCacheSize=
# This output file may be truncated or incomplete.
#
#  Out of Memory Error (./src/hotspot/os/windows/os_windows.cpp:3301), pid=41804, tid=2940
#
# JRE version:  (11.0.11+9) (build )
# Java VM: OpenJDK 64-Bit Server VM (11.0.11+9-b60-7590822, mixed mode, sharing, tiered, compressed oops, g1 gc, windows-amd64)
# No core dump will be written. Minidumps are not enabled by default on client versions of Windows
#

---------------  S U M M A R Y ------------

Command Line: org.jetbrains.git4idea.http.GitAskPassApp Username for 'https://github.com': 

Host: Intel(R) Core(TM) i7-8650U CPU @ 1.90GHz, 8 cores, 15G,  Windows 10 , 64 bit Build 19041 (10.0.19041.1566)
Time: Tue Mar 15 21:15:52 2022 中国标准时间 elapsed time: 0.025221 seconds (0d 0h 0m 0s)

---------------  T H R E A D  ---------------

Current thread (0x00000220b58f3800):  JavaThread "Unknown thread" [_thread_in_vm, id=2940, stack(0x00000065cdf00000,0x00000065ce000000)]

Stack: [0x00000065cdf00000,0x00000065ce000000]
Native frames: (J=compiled Java code, j=interpreted, Vv=VM code, C=native code)
V  [jvm.dll+0x5f214a]
V  [jvm.dll+0x726fb5]
V  [jvm.dll+0x7285cd]
V  [jvm.dll+0x728c83]
V  [jvm.dll+0x243278]
V  [jvm.dll+0x5ef544]
V  [jvm.dll+0x5e4495]
V  [jvm.dll+0x2fec5b]
V  [jvm.dll+0x2febca]
V  [jvm.dll+0x2feaa2]
V  [jvm.dll+0x303986]
V  [jvm.dll+0x34c3a3]
V  [jvm.dll+0x34caa6]
V  [jvm.dll+0x34c4a3]
V  [jvm.dll+0x2d9688]
V  [jvm.dll+0x2da837]
V  [jvm.dll+0x705ba7]
V  [jvm.dll+0x70739c]
V  [jvm.dll+0x3598f9]
V  [jvm.dll+0x6e931e]
V  [jvm.dll+0x3c1c43]
V  [jvm.dll+0x3c3e81]
C  [jli.dll+0x5373]
C  [ucrtbase.dll+0x21bb2]
C  [KERNEL32.DLL+0x17034]
C  [ntdll.dll+0x52651]


---------------  P R O C E S S  ---------------

Threads class SMR info:
_java_thread_list=0x00000220b36b5560, length=0, elements={
}

Java Threads: ( => current thread )

Other Threads:
  0x00000220b5905800 GCTaskThread "GC Thread#0" [stack: 0x00000065ce000000,0x00000065ce100000] [id=46160]
  0x00000220b5966800 ConcurrentGCThread "G1 Main Marker" [stack: 0x00000065ce100000,0x00000065ce200000] [id=33956]
  0x00000220b5968800 ConcurrentGCThread "G1 Conc#0" [stack: 0x00000065ce200000,0x00000065ce300000] [id=17868]

[error occurred during error reporting (printing all threads), id 0xc0000005, EXCEPTION_ACCESS_VIOLATION (0xc0000005) at pc=0x00007ff806ea9c47]

VM state:not at safepoint (not fully initialized)

VM Mutex/Monitor currently owned by a thread:  ([mutex/lock_event])
[0x00000220b58f0470] Heap_lock - owner thread: 0x00000220b58f3800

Heap address: 0x0000000701400000, size: 4076 MB, Compressed Oops mode: Non-zero based: 0x0000000701400000
Narrow klass base: 0x0000000000000000, Narrow klass shift: 0

GC Heap History (0 events):
No events

Deoptimization events (0 events):
No events

Classes redefined (0 events):
No events

Internal exceptions (0 events):
No events

Events (1 events):
Event: 0.014 Loaded shared library C:\Program Files\Android\Android Studio\jre\bin\zip.dll


Dynamic libraries:
0x00007ff7f86e0000 - 0x00007ff7f86ea000 	C:\Program Files\Android\Android Studio\jre\bin\java.exe
0x00007ff86ead0000 - 0x00007ff86ecc5000 	C:\WINDOWS\SYSTEM32\ntdll.dll
0x00007ff86e7a0000 - 0x00007ff86e85e000 	C:\WINDOWS\System32\KERNEL32.DLL
0x00007ff86c4d0000 - 0x00007ff86c798000 	C:\WINDOWS\System32\KERNELBASE.dll
0x00007ff86c220000 - 0x00007ff86c320000 	C:\WINDOWS\System32\ucrtbase.dll
0x00007ff8644a0000 - 0x00007ff8644b7000 	C:\Program Files\Android\Android Studio\jre\bin\VCRUNTIME140.dll
0x00007ff866a80000 - 0x00007ff866a99000 	C:\Program Files\Android\Android Studio\jre\bin\jli.dll
0x00007ff86cf70000 - 0x00007ff86d110000 	C:\WINDOWS\System32\USER32.dll
0x00007ff84d080000 - 0x00007ff84d31a000 	C:\WINDOWS\WinSxS\amd64_microsoft.windows.common-controls_6595b64144ccf1df_6.0.19041.1110_none_60b5254171f9507e\COMCTL32.dll
0x00007ff86c4a0000 - 0x00007ff86c4c2000 	C:\WINDOWS\System32\win32u.dll
0x00007ff86e8d0000 - 0x00007ff86e96e000 	C:\WINDOWS\System32\msvcrt.dll
0x00007ff86d420000 - 0x00007ff86d44b000 	C:\WINDOWS\System32\GDI32.dll
0x00007ff86c390000 - 0x00007ff86c49b000 	C:\WINDOWS\System32\gdi32full.dll
0x00007ff86c830000 - 0x00007ff86c8cd000 	C:\WINDOWS\System32\msvcp_win.dll
0x00007ff86e3b0000 - 0x00007ff86e3e0000 	C:\WINDOWS\System32\IMM32.DLL
0x00007ff8604c0000 - 0x00007ff86055d000 	C:\Program Files\Android\Android Studio\jre\bin\msvcp140.dll
0x00007ff806bc0000 - 0x00007ff807695000 	C:\Program Files\Android\Android Studio\jre\bin\server\jvm.dll
0x00007ff86cd90000 - 0x00007ff86ce3e000 	C:\WINDOWS\System32\ADVAPI32.dll
0x00007ff86e970000 - 0x00007ff86ea0c000 	C:\WINDOWS\System32\sechost.dll
0x00007ff86d180000 - 0x00007ff86d2a5000 	C:\WINDOWS\System32\RPCRT4.dll
0x00007ff86e8c0000 - 0x00007ff86e8c8000 	C:\WINDOWS\System32\PSAPI.DLL
0x00007ff866ea0000 - 0x00007ff866eaa000 	C:\WINDOWS\SYSTEM32\VERSION.dll
0x00007ff8597b0000 - 0x00007ff8597b9000 	C:\WINDOWS\SYSTEM32\WSOCK32.dll
0x00007ff84d6f0000 - 0x00007ff84d717000 	C:\WINDOWS\SYSTEM32\WINMM.dll
0x00007ff86d110000 - 0x00007ff86d17b000 	C:\WINDOWS\System32\WS2_32.dll
0x00007ff86a0a0000 - 0x00007ff86a0b2000 	C:\WINDOWS\SYSTEM32\kernel.appcore.dll
0x00007ff85f370000 - 0x00007ff85f381000 	C:\Program Files\Android\Android Studio\jre\bin\verify.dll
0x00007ff8654b0000 - 0x00007ff865694000 	C:\WINDOWS\SYSTEM32\DBGHELP.DLL
0x00007ff862fc0000 - 0x00007ff862fec000 	C:\WINDOWS\SYSTEM32\dbgcore.DLL
0x00007ff86c7a0000 - 0x00007ff86c822000 	C:\WINDOWS\System32\bcryptPrimitives.dll
0x00007ff85edd0000 - 0x00007ff85edf9000 	C:\Program Files\Android\Android Studio\jre\bin\java.dll
0x00007ff868800000 - 0x00007ff86880b000 	C:\Program Files\Android\Android Studio\jre\bin\jimage.dll
0x00007ff854c90000 - 0x00007ff854ca8000 	C:\Program Files\Android\Android Studio\jre\bin\zip.dll

dbghelp: loaded successfully - version: 4.0.5 - missing functions: none
symbol engine: initialized successfully - sym options: 0x614 - pdb path: .;C:\Program Files\Android\Android Studio\jre\bin;C:\WINDOWS\SYSTEM32;C:\WINDOWS\WinSxS\amd64_microsoft.windows.common-controls_6595b64144ccf1df_6.0.19041.1110_none_60b5254171f9507e;C:\Program Files\Android\Android Studio\jre\bin\server

VM Arguments:
java_command: org.jetbrains.git4idea.http.GitAskPassApp Username for 'https://github.com': 
java_class_path (initial): C:/Program Files/Android/Android Studio/plugins/git4idea/lib/git4idea-rt.jar;C:/Program Files/Android/Android Studio/lib/xmlrpc-2.0.1.jar;C:/Program Files/Android/Android Studio/lib/commons-codec-1.15.jar
Launcher Type: SUN_STANDARD

[Global flags]
     intx CICompilerCount                          = 4                                         {product} {ergonomic}
     uint ConcGCThreads                            = 2                                         {product} {ergonomic}
     uint G1ConcRefinementThreads                  = 8                                         {product} {ergonomic}
   size_t G1HeapRegionSize                         = 1048576                                   {product} {ergonomic}
    uintx GCDrainStackTargetSize                   = 64                                        {product} {ergonomic}
   size_t InitialHeapSize                          = 268435456                                 {product} {ergonomic}
   size_t MarkStackSize                            = 4194304                                   {product} {ergonomic}
   size_t MaxHeapSize                              = 4273995776                                {product} {ergonomic}
   size_t MinHeapDeltaBytes                        = 1048576                                   {product} {ergonomic}
    uintx NonNMethodCodeHeapSize                   = 5836300                                {pd product} {ergonomic}
    uintx NonProfiledCodeHeapSize                  = 122910970                              {pd product} {ergonomic}
    uintx ProfiledCodeHeapSize                     = 122910970                              {pd product} {ergonomic}
    uintx ReservedCodeCacheSize                    = 251658240                              {pd product} {ergonomic}
     bool SegmentedCodeCache                       = true                                      {product} {ergonomic}
     bool UseCompressedClassPointers               = true                                 {lp64_product} {ergonomic}
     bool UseCompressedOops                        = true                                 {lp64_product} {ergonomic}
     bool UseG1GC                                  = true                                      {product} {ergonomic}
     bool UseLargePagesIndividualAllocation        = false                                  {pd product} {ergonomic}

Logging:
Log output configuration:
 #0: stdout all=warning uptime,level,tags
 #1: stderr all=off uptime,level,tags

Environment Variables:
PATH=C:\Program Files\Git\mingw64\libexec\git-core;C:\Program Files\Git\mingw64\libexec\git-core;C:\Program Files\Git\mingw64\bin;C:\Program Files\Git\usr\bin;C:\Users\Wang Tianyu\bin;C:\Program Files (x86)\Common Files\Intel\Shared Libraries\redist\intel64\compiler;C:\Program Files (x86)\NetSarang\Xshell 6;C:\Program Files (x86)\NetSarang\Xftp 6;C:\Program Files (x86)\VMware\VMware Workstation\bin;C:\Program Files (x86)\ActiveState Komodo Edit 11;C:\WINDOWS\system32;C:\WINDOWS;C:\WINDOWS\System32\Wbem;C:\WINDOWS\System32\WindowsPowerShell\v1.0;C:\WINDOWS\System32\OpenSSH;C:\Program Files\MATLAB\R2019b\bin;C:\MinGW\bin;C:\Program Files\Git\cmd;C:\Program Files\nodejs;C:\Program Files\TortoiseSVN\bin;C:\Program Files (x86)\Pulse Secure\VC142.CRT\X64;C:\Program Files (x86)\Pulse Secure\VC142.CRT\X86;C:\Program Files\Microsoft SQL Server\Client SDK\ODBC\170\Tools\Binn;C:\Program Files (x86)\Microsoft SQL Server\150\Tools\Binn;C:\Program Files\Microsoft SQL Server\150\Tools\Binn;C:\Program Files\Microsoft SQL Server\150\DTS\Binn;C:\Program Files (x86)\Microsoft SQL Server\150\DTS\Binn;C:\Program Files\Azure Data Studio\bin;C:\Program Files (x86)\Tencent\微信web开发者工具\dll;C:\Program Files\Docker\Docker\resources\bin;C:\ProgramData\DockerDesktop\version-bin;C:\Users\Wang Tianyu\Anaconda3;C:\Users\Wang Tianyu\Anaconda3\Library\mingw-w64\bin;C:\Users\Wang Tianyu\Anaconda3\Library\usr\bin;C:\Users\Wang Tianyu\Anaconda3\Library\bin;C:\Users\Wang Tianyu\Anaconda3\Scripts;C:\Program Files\MySQL\MySQL Shell 8.0\bin;C:\Users\Wang Tianyu\AppData\Local\Microsoft\WindowsApps;C:\Users\Wang Tianyu\Desktop\platform-tools;C:\Program Files\JetBrains\PyCharm 2020.2\bin;C:\Program Files\JetBrains\PyCharm Community Edition 2020.2\bin;C:\Users\Wang Tianyu\AppData\Roaming\npm;C:\Users\Wang Tianyu\AppData\Local\Programs\Microsoft VS Code\bin;C:\Users\Wang Tianyu\AppData\Local\android-sdk-windows\platform-tools;C:\Users\Wang Tianyu\AppData\Local\GitHubDesktop\bin;C:\Program Files\Azure Data St
USERNAME=Wang Tianyu
DISPLAY=:0.0
LC_ALL=en_US.UTF-8
OS=Windows_NT
PROCESSOR_IDENTIFIER=Intel64 Family 6 Model 142 Stepping 10, GenuineIntel



---------------  S Y S T E M  ---------------

OS: Windows 10 , 64 bit Build 19041 (10.0.19041.1566)
OS uptime: 4 days 17:03 hours
Hyper-V role detected

CPU:total 8 (initial active 8) (4 cores per cpu, 2 threads per core) family 6 model 142 stepping 10 microcode 0xec, cmov, cx8, fxsr, mmx, sse, sse2, sse3, ssse3, sse4.1, sse4.2, popcnt, avx, avx2, aes, clmul, erms, rtm, 3dnowpref, lzcnt, ht, tsc, tscinvbit, bmi1, bmi2, adx, fma

Memory: 4k page, system-wide physical 16300M (3075M free)
TotalPageFile size 40631M (AvailPageFile size 66M)
current process WorkingSet (physical memory assigned to process): 10M, peak: 10M
current process commit charge ("private bytes"): 60M, peak: 316M

vm_info: OpenJDK 64-Bit Server VM (11.0.11+9-b60-7590822) for windows-amd64 JRE (11.0.11+9-b60-7590822), built on Jul 29 2021 21:43:44 by "builder" with MS VC++ 14.0 (VS2015)

END.
